Arguments: 
  C:\Program Files (x86)\nodejs\node.exe C:\Users\SULYMAN\AppData\Roaming\npm\node_modules\yarn\bin\yarn.js add react-modal-video

PATH: 
  C:\WINDOWS\system32;C:\WINDOWS;C:\WINDOWS\System32\Wbem;C:\WINDOWS\System32\WindowsPowerShell\v1.0\C:\Program Files (x86)\Microsoft VS Code\binC:\Program Files (x86)\ATI Technologies\ATI.ACE\Core-Static;C:\Program Files\Git\cmd;C:\\Users\\SULYMAN\\AppData\\Local\\Programs\\Python\\Python38;C:\Program Files (x86)\nodejs\;C:\Users\SULYMAN\AppData\Local\Programs\Python\Python38\Scripts\;C:\Users\SULYMAN\AppData\Local\Programs\Python\Python38\;C:\Program Files\heroku\bin;C:\Users\SULYMAN\Downloads\node-v14.17.0-win-x64\node-v14.17.0-win-x64;C:\Users\SULYMAN\AppData\Roaming\npm

Yarn version: 
  1.22.10

Node version: 
  14.17.0

Platform: 
  win32 ia32

Trace: 
  Error: https://registry.yarnpkg.com/next/-/next-9.5.3.tgz: ESOCKETTIMEDOUT
      at ClientRequest.<anonymous> (C:\Users\SULYMAN\AppData\Roaming\npm\node_modules\yarn\lib\cli.js:141289:19)
      at Object.onceWrapper (events.js:482:28)
      at ClientRequest.emit (events.js:376:20)
      at TLSSocket.emitRequestTimeout (_http_client.js:790:9)
      at Object.onceWrapper (events.js:482:28)
      at TLSSocket.emit (events.js:388:22)
      at TLSSocket.Socket._onTimeout (net.js:483:8)
      at listOnTimeout (internal/timers.js:555:17)
      at processTimers (internal/timers.js:498:7)

npm manifest: 
  {
    "name": "landing-page",
    "version": "0.0.1",
    "private": true,
    "scripts": {
      "dev": "next dev",
      "build": "next build",
      "postbuild": "next-sitemap"
    },
    "dependencies": {
      "@next/env": "^11.0.1",
      "dotenv": "^8.2.0",
      "framer-motion": "^2.7.5",
      "globby": "^11.0.0",
      "isomorphic-unfetch": "^3.0.0",
      "next": "9.5.3",
      "next-compose-plugins": "^2.2.0",
      "next-optimized-images": "^2.5.4",
      "prettier": "^2.1.2",
      "rc-drawer": "^4.1.0",
      "react": "16.13.0",
      "react-custom-scrollbars": "^4.2.1",
      "react-dom": "16.13.0",
      "react-ga": "^3.1.2",
      "react-icons": "^3.10.0",
      "react-modal-video": "^1.2.6",
      "react-multi-carousel": "^2.5.5",
      "react-scroll": "^1.8.0",
      "react-stickynode": "^3.0.3",
      "theme-ui": "^0.3.1",
      "typeface-dm-sans": "^1.1.3"
    },
    "devDependencies": {
      "imagemin-mozjpeg": "^9.0.0",
      "imagemin-optipng": "^8.0.0",
      "imagemin-svgo": "^8.0.0",
      "next-sitemap": "^1.2.4"
    }
  }

yarn manifest: 
  No manifest

Lockfile: 
  No lockfile
